<?xml version="1.0" encoding="UTF-8"?>
<!-- Generated by org.testng.reporters.JUnitReportReporter -->
<testsuite hostname="Ashu" failures="0" tests="1" name="com.crm.OrganizationTests.FilterTheOrgWithAll" time="14.562" errors="0" timestamp="2022-02-20T00:53:23 IST" skipped="0">
  <testcase classname="com.crm.OrganizationTests.FilterTheOrgWithAll" name="filterTheOrgWithAll" time="14.562"/>
  <system-out/>
</testsuite> <!-- com.crm.OrganizationTests.FilterTheOrgWithAll -->
