<?xml version="1.0" encoding="UTF-8"?>
<!-- Generated by org.testng.reporters.JUnitReportReporter -->
<testsuite hostname="Ashu" failures="0" tests="1" name="com.crm.PRACTICE.sampleJDBCVerify" time="0.454" errors="0" timestamp="2022-02-16T14:43:42 IST" skipped="0">
  <testcase classname="com.crm.PRACTICE.sampleJDBCVerify" name="samplejdbcverify" time="0.454"/>
  <system-out/>
</testsuite> <!-- com.crm.PRACTICE.sampleJDBCVerify -->
