<?xml version="1.0" encoding="UTF-8"?>
<!-- Generated by org.testng.reporters.JUnitReportReporter -->
<testsuite hostname="Ashu" failures="0" tests="1" name="com.crm.OrganizationTests.CreateOrgWithoutBillingAdress" time="80.676" errors="0" timestamp="2022-02-19T23:30:39 IST" skipped="0">
  <testcase classname="com.crm.OrganizationTests.CreateOrgWithoutBillingAdress" name="createOrgWithoutBillingAdress" time="80.676"/>
  <system-out/>
</testsuite> <!-- com.crm.OrganizationTests.CreateOrgWithoutBillingAdress -->
