<?xml version="1.0" encoding="UTF-8"?>
<!-- Generated by org.testng.reporters.JUnitReportReporter -->
<testsuite hostname="Ashu" failures="0" tests="1" name="com.crm.PRACTICE.HandlingCalenderTest" time="73.024" errors="0" timestamp="2022-03-09T14:45:09 IST" skipped="0">
  <testcase classname="com.crm.PRACTICE.HandlingCalenderTest" name="handlingCalenderTest" time="73.024"/>
  <system-out/>
</testsuite> <!-- com.crm.PRACTICE.HandlingCalenderTest -->
