<?xml version="1.0" encoding="UTF-8"?>
<!-- Generated by org.testng.reporters.JUnitReportReporter -->
<testsuite hostname="Ashu" failures="0" tests="1" name="com.crm.PRACTICE.SampleJDBCExecuteQuery" time="3.222" errors="0" timestamp="2022-02-19T23:55:26 IST" skipped="0">
  <testcase classname="com.crm.PRACTICE.SampleJDBCExecuteQuery" name="sampleJDBCExecuteQuery" time="3.222"/>
  <system-out/>
</testsuite> <!-- com.crm.PRACTICE.SampleJDBCExecuteQuery -->
