<?xml version="1.0" encoding="UTF-8"?>
<!-- Generated by org.testng.reporters.JUnitReportReporter -->
<testsuite hostname="Ashu" failures="0" tests="1" name="com.crm.PRACTICE.Scenario1" time="49.552" errors="0" timestamp="2022-03-09T10:48:29 IST" skipped="0">
  <testcase classname="com.crm.PRACTICE.Scenario1" name="scenario1" time="49.552"/>
  <system-out/>
</testsuite> <!-- com.crm.PRACTICE.Scenario1 -->
