<?xml version="1.0" encoding="UTF-8"?>
<!-- Generated by org.testng.reporters.JUnitReportReporter -->
<testsuite hostname="Ashu" failures="0" tests="1" name="com.crm.PRACTICE.SampleJDBCExecuteUpdate" time="0.290" errors="0" timestamp="2022-02-16T14:42:49 IST" skipped="0">
  <testcase classname="com.crm.PRACTICE.SampleJDBCExecuteUpdate" name="sampleDBCExecuteUpdate" time="0.290"/>
  <system-out/>
</testsuite> <!-- com.crm.PRACTICE.SampleJDBCExecuteUpdate -->
