<?xml version="1.0" encoding="UTF-8"?>
<!-- Generated by org.testng.reporters.JUnitReportReporter -->
<testsuite hostname="Ashu" failures="0" tests="1" name="com.crm.PRACTICE.WriteDataToExcelSheetTest" time="0.765" errors="0" timestamp="2022-02-17T16:33:30 IST" skipped="0">
  <testcase classname="com.crm.PRACTICE.WriteDataToExcelSheetTest" name="WriteDataToExcelSheetTest" time="0.765"/>
  <system-out/>
</testsuite> <!-- com.crm.PRACTICE.WriteDataToExcelSheetTest -->
