<?xml version="1.0" encoding="UTF-8"?>
<!-- Generated by org.testng.reporters.JUnitReportReporter -->
<testsuite hostname="Ashu" failures="0" tests="1" name="com.crm.OrganizationTests.CreateOrgWithoutBillingAdressTest" time="32.995" errors="0" timestamp="2022-03-03T13:06:41 IST" skipped="0">
  <testcase classname="com.crm.OrganizationTests.CreateOrgWithoutBillingAdressTest" name="createOrgWithoutBillingAdress" time="32.995"/>
  <system-out/>
</testsuite> <!-- com.crm.OrganizationTests.CreateOrgWithoutBillingAdressTest -->
