<?xml version="1.0" encoding="UTF-8"?>
<!-- Generated by org.testng.reporters.JUnitReportReporter -->
<testsuite hostname="Ashu" failures="0" tests="1" name="com.crm.PRACTICE.ReadDataFromExcelSheetTest" time="0.530" errors="0" timestamp="2022-02-17T16:28:26 IST" skipped="0">
  <testcase classname="com.crm.PRACTICE.ReadDataFromExcelSheetTest" name="readDataFromExcelSheetTest" time="0.530"/>
  <system-out/>
</testsuite> <!-- com.crm.PRACTICE.ReadDataFromExcelSheetTest -->
