<?xml version="1.0" encoding="UTF-8"?>
<!-- Generated by org.testng.reporters.JUnitReportReporter -->
<testsuite hostname="Ashu" failures="0" tests="1" name="com.crm.PRACTICE.createOrganizationWithPropertyFileTest" time="0.015" errors="0" timestamp="2022-02-17T10:42:41 IST" skipped="0">
  <testcase classname="com.crm.PRACTICE.createOrganizationWithPropertyFileTest" name="propertyFile" time="0.015"/>
  <system-out/>
</testsuite> <!-- com.crm.PRACTICE.createOrganizationWithPropertyFileTest -->
