<?xml version="1.0" encoding="UTF-8"?>
<!-- Generated by org.testng.reporters.JUnitReportReporter -->
<testsuite hostname="Ashu" failures="0" tests="1" name="com.crm.OrganizationTests.FilterTheOrgWithAllTest" time="14.604" errors="0" timestamp="2022-03-01T16:46:21 IST" skipped="0">
  <testcase classname="com.crm.OrganizationTests.FilterTheOrgWithAllTest" name="filterTheOrgWithAll" time="14.604"/>
  <system-out/>
</testsuite> <!-- com.crm.OrganizationTests.FilterTheOrgWithAllTest -->
