<?xml version="1.0" encoding="UTF-8"?>
<!-- Generated by org.testng.reporters.JUnitReportReporter -->
<testsuite hostname="Ashu" failures="0" tests="1" name="com.crm.OrganizationTests.CreateOrgWithBillingAdressTest" time="28.129" errors="0" timestamp="2022-03-03T13:06:41 IST" skipped="0">
  <testcase classname="com.crm.OrganizationTests.CreateOrgWithBillingAdressTest" name="createOrgWithBillingAdressTest" time="28.129"/>
  <system-out/>
</testsuite> <!-- com.crm.OrganizationTests.CreateOrgWithBillingAdressTest -->
