<?xml version="1.0" encoding="UTF-8"?>
<!-- Generated by org.testng.reporters.JUnitReportReporter -->
<testsuite hostname="Ashu" failures="0" tests="1" name="com.crm.OrganizationTests.FilterTheOrgWithNewWeek" time="24.630" errors="0" timestamp="2022-02-20T01:19:04 IST" skipped="0">
  <testcase classname="com.crm.OrganizationTests.FilterTheOrgWithNewWeek" name="filterTheOrgWithNewWeek" time="24.630"/>
  <system-out/>
</testsuite> <!-- com.crm.OrganizationTests.FilterTheOrgWithNewWeek -->
