<?xml version="1.0" encoding="UTF-8"?>
<!-- Generated by org.testng.reporters.JUnitReportReporter -->
<testsuite hostname="Ashu" failures="0" tests="1" name="com.crm.PRACTICE.HandleCalenderforChangeDate" time="164.623" errors="0" timestamp="2022-03-09T15:41:03 IST" skipped="0">
  <testcase classname="com.crm.PRACTICE.HandleCalenderforChangeDate" name="handlingCalenderTest" time="164.623"/>
  <system-out/>
</testsuite> <!-- com.crm.PRACTICE.HandleCalenderforChangeDate -->
