<?xml version="1.0" encoding="UTF-8"?>
<!-- Generated by org.testng.reporters.JUnitReportReporter -->
<testsuite hostname="Ashu" failures="0" tests="4" name="com.crm.PRACTICE.SampleDateProvider" time="0.010" errors="0" timestamp="2022-02-28T15:43:08 IST" skipped="0">
  <testcase classname="com.crm.PRACTICE.SampleDateProvider" name="sampleDataProvider" time="0.006"/>
  <system-out/>
  <testcase classname="com.crm.PRACTICE.SampleDateProvider" name="sampleDataProvider" time="0.001"/>
  <system-out/>
  <testcase classname="com.crm.PRACTICE.SampleDateProvider" name="sampleDataProvider" time="0.001"/>
  <system-out/>
  <testcase classname="com.crm.PRACTICE.SampleDateProvider" name="sampleDataProvider" time="0.002"/>
  <system-out/>
</testsuite> <!-- com.crm.PRACTICE.SampleDateProvider -->
