<?xml version="1.0" encoding="UTF-8"?>
<!-- Generated by org.testng.reporters.JUnitReportReporter -->
<testsuite hostname="Ashu" failures="0" tests="6" name="com.crm.PRACTICE.dataProviderPractice6And2" time="0.014" errors="0" timestamp="2022-02-28T15:50:35 IST" skipped="0">
  <testcase classname="com.crm.PRACTICE.dataProviderPractice6And2" name="sampleDataProvider" time="0.002"/>
  <system-out/>
  <testcase classname="com.crm.PRACTICE.dataProviderPractice6And2" name="sampleDataProvider" time="0.001"/>
  <system-out/>
  <testcase classname="com.crm.PRACTICE.dataProviderPractice6And2" name="sampleDataProvider" time="0.007"/>
  <system-out/>
  <testcase classname="com.crm.PRACTICE.dataProviderPractice6And2" name="sampleDataProvider" time="0.001"/>
  <system-out/>
  <testcase classname="com.crm.PRACTICE.dataProviderPractice6And2" name="sampleDataProvider" time="0.001"/>
  <system-out/>
  <testcase classname="com.crm.PRACTICE.dataProviderPractice6And2" name="sampleDataProvider" time="0.002"/>
  <system-out/>
</testsuite> <!-- com.crm.PRACTICE.dataProviderPractice6And2 -->
